WminusH_HToBB_WToQQ ev=2492614 weight_factor=inf
WminusH_HToBB_WToQQ ev=2492614 weight_factor=-inf
WminusH_HToBB_WToQQ ev=2492614 weight_factor=inf
WminusH_HToBB_WToQQ ev=2698320 weight_factor=-inf
WminusH_HToBB_WToQQ ev=2698320 weight_factor=-inf
WminusH_HToBB_WToQQ ev=2698320 weight_factor=-inf
WminusH_HToBB_WToQQ ev=3996682 weight_factor=inf
WminusH_HToBB_WToQQ ev=3996682 weight_factor=-inf
WminusH_HToBB_WToQQ ev=3996682 weight_factor=inf
WminusH_HToBB_WToQQ ev=3996682 weight_factor=nan
WminusH_HToBB_WToQQ ev=3996682 weight_factor=nan
WminusH_HToBB_WToQQ ev=3996682 weight_factor=nan
WminusH_HToBB_WToQQ ev=3951520 weight_factor=-inf
WminusH_HToBB_WToQQ ev=3951520 weight_factor=-inf
WminusH_HToBB_WToQQ ev=3951520 weight_factor=-inf
WminusH_HToBB_WToQQ ev=1938152 weight_factor=nan
WminusH_HToBB_WToQQ ev=1938152 weight_factor=nan
WminusH_HToBB_WToQQ ev=1938152 weight_factor=nan
WminusH_HToBB_WToLNu ev=3438165 weight_factor=inf
WminusH_HToBB_WToLNu ev=3438165 weight_factor=-inf
WminusH_HToBB_WToLNu ev=3438165 weight_factor=inf
ZH_HToBB_ZToLL ev=273989 weight_factor=inf
ZH_HToBB_ZToLL ev=273989 weight_factor=-inf
ZH_HToBB_ZToLL ev=273989 weight_factor=inf
WminusH_HToBB_WToLNu ev=3438165 weight_factor=inf
WminusH_HToBB_WToLNu ev=3438165 weight_factor=-inf
WminusH_HToBB_WToLNu ev=3438165 weight_factor=inf
ZH_HToBB_ZToLL ev=752487 weight_factor=-inf
ZH_HToBB_ZToLL ev=752487 weight_factor=-inf
ZH_HToBB_ZToLL ev=752487 weight_factor=-inf
ZH_HToBB_ZToLL ev=495676 weight_factor=inf
ZH_HToBB_ZToLL ev=495676 weight_factor=-inf
ZH_HToBB_ZToLL ev=495676 weight_factor=inf
ZH_HToBB_ZToLL ev=1236206 weight_factor=-inf
ZH_HToBB_ZToLL ev=1236206 weight_factor=-inf
ZH_HToBB_ZToLL ev=1236206 weight_factor=-inf
ZH_HToBB_ZToNuNu ev=1864498 weight_factor=-inf
ZH_HToBB_ZToNuNu ev=1864498 weight_factor=-inf
ZH_HToBB_ZToNuNu ev=1864498 weight_factor=-inf
ZH_HToBB_ZToLL ev=2323510 weight_factor=-inf
ZH_HToBB_ZToLL ev=2323510 weight_factor=-inf
ZH_HToBB_ZToLL ev=2323510 weight_factor=-inf
ZH_HToBB_ZToQQ ev=75454 weight_factor=inf
ZH_HToBB_ZToQQ ev=75454 weight_factor=-inf
ZH_HToBB_ZToQQ ev=75454 weight_factor=inf
ZH_HToBB_ZToLL ev=1016758 weight_factor=inf
ZH_HToBB_ZToLL ev=1016758 weight_factor=inf
ZH_HToBB_ZToLL ev=1016758 weight_factor=inf
ZH_HToBB_ZToLL ev=3420391 weight_factor=inf
ZH_HToBB_ZToLL ev=3420391 weight_factor=inf
ZH_HToBB_ZToLL ev=3420391 weight_factor=inf
ZH_HToBB_ZToNuNu ev=3616626 weight_factor=inf
ZH_HToBB_ZToNuNu ev=3616626 weight_factor=inf
ZH_HToBB_ZToNuNu ev=3616626 weight_factor=inf
ZH_HToBB_ZToLL ev=4692018 weight_factor=-inf
ZH_HToBB_ZToLL ev=4692018 weight_factor=-inf
ZH_HToBB_ZToLL ev=4692018 weight_factor=-inf
ZH_HToBB_ZToNuNu ev=2440996 weight_factor=-inf
ZH_HToBB_ZToNuNu ev=2440996 weight_factor=-inf
ZH_HToBB_ZToNuNu ev=2440996 weight_factor=-inf
ZH_HToBB_ZToNuNu ev=3051737 weight_factor=-inf
ZH_HToBB_ZToNuNu ev=3051737 weight_factor=-inf
ZH_HToBB_ZToNuNu ev=3051737 weight_factor=-inf
WplusH_HToBB_WToLNu ev=791803 weight_factor=-inf
WplusH_HToBB_WToLNu ev=791803 weight_factor=-inf
WplusH_HToBB_WToLNu ev=791803 weight_factor=-inf
WplusH_HToBB_WToLNu ev=4580425 weight_factor=-inf
WplusH_HToBB_WToLNu ev=4580425 weight_factor=-inf
WplusH_HToBB_WToLNu ev=4580425 weight_factor=-inf
WplusH_HToBB_WToLNu ev=4616854 weight_factor=-inf
WplusH_HToBB_WToLNu ev=4616854 weight_factor=-inf
WplusH_HToBB_WToLNu ev=4616854 weight_factor=-inf
WplusH_HToBB_WToLNu ev=1214028 weight_factor=-inf
WplusH_HToBB_WToLNu ev=1214028 weight_factor=-inf
WplusH_HToBB_WToLNu ev=1214028 weight_factor=-inf
WplusH_HToBB_WToLNu ev=4026724 weight_factor=nan
WplusH_HToBB_WToLNu ev=4026724 weight_factor=nan
WplusH_HToBB_WToLNu ev=4026724 weight_factor=nan
ZH_HToBB_ZToNuNu ev=4799056 weight_factor=-inf
ZH_HToBB_ZToNuNu ev=4799056 weight_factor=-inf
ZH_HToBB_ZToNuNu ev=4799056 weight_factor=-inf
WplusH_HToBB_WToLNu ev=3403350 weight_factor=inf
WplusH_HToBB_WToLNu ev=3403350 weight_factor=inf
WplusH_HToBB_WToLNu ev=3403350 weight_factor=inf
WplusH_HToBB_WToLNu ev=4355099 weight_factor=inf
WplusH_HToBB_WToLNu ev=4355099 weight_factor=inf
WplusH_HToBB_WToLNu ev=4355099 weight_factor=inf
ZH_HToBB_ZToLL ev=1422553 weight_factor=inf
ZH_HToBB_ZToLL ev=1422553 weight_factor=inf
ZH_HToBB_ZToLL ev=1422553 weight_factor=inf
GluGluHToBBMINLO ev=10081771 weight_factor=-inf
GluGluHToBBMINLO ev=10081771 weight_factor=-inf
GluGluHToBBMINLO ev=10081771 weight_factor=-inf
GluGluHToBBMINLO ev=8335129 weight_factor=-inf
GluGluHToBBMINLO ev=8335129 weight_factor=-inf
GluGluHToBBMINLO ev=8335129 weight_factor=-inf
GluGluHToBBMINLO ev=10081771 weight_factor=-inf
GluGluHToBBMINLO ev=10081771 weight_factor=-inf
GluGluHToBBMINLO ev=10081771 weight_factor=-inf
GluGluHToBBMINLO ev=8335129 weight_factor=-inf
GluGluHToBBMINLO ev=8335129 weight_factor=-inf
GluGluHToBBMINLO ev=8335129 weight_factor=-inf
ZJetsToQQ_400to600 ev=9125108 weight_factor=inf
ZJetsToQQ_400to600 ev=9125108 weight_factor=inf
ZJetsToQQ_400to600 ev=9125108 weight_factor=inf
ZJetsToQQ_400to600 ev=83840844 weight_factor=inf
ZJetsToQQ_400to600 ev=83840844 weight_factor=-inf
ZJetsToQQ_400to600 ev=83840844 weight_factor=inf
ZJetsToQQ_400to600 ev=58895564 weight_factor=-inf
ZJetsToQQ_400to600 ev=58895564 weight_factor=-inf
ZJetsToQQ_400to600 ev=58895564 weight_factor=inf
ZJetsToQQ_400to600 ev=150595975 weight_factor=-inf
ZJetsToQQ_400to600 ev=150595975 weight_factor=-inf
ZJetsToQQ_400to600 ev=150595975 weight_factor=inf
ZJetsToQQ_400to600 ev=116741127 weight_factor=-inf
ZJetsToQQ_400to600 ev=116741127 weight_factor=-inf
ZJetsToQQ_400to600 ev=116741127 weight_factor=inf
ZJetsToQQ_400to600 ev=29021006 weight_factor=-inf
ZJetsToQQ_400to600 ev=29021006 weight_factor=-inf
ZJetsToQQ_400to600 ev=29021006 weight_factor=inf
ZJetsToQQ_600to800 ev=120929121 weight_factor=nan
ZJetsToQQ_600to800 ev=120929121 weight_factor=nan
ZJetsToQQ_600to800 ev=120929121 weight_factor=nan
ZJetsToQQ_400to600 ev=130076157 weight_factor=-inf
ZJetsToQQ_400to600 ev=130076157 weight_factor=-inf
ZJetsToQQ_400to600 ev=130076157 weight_factor=inf
ZJetsToQQ_600to800 ev=131832893 weight_factor=nan
ZJetsToQQ_600to800 ev=131832893 weight_factor=nan
ZJetsToQQ_600to800 ev=131832893 weight_factor=nan
ZJetsToQQ_400to600 ev=29938084 weight_factor=-inf
ZJetsToQQ_400to600 ev=29938084 weight_factor=-inf
ZJetsToQQ_400to600 ev=29938084 weight_factor=-inf
ZJetsToQQ_400to600 ev=114487185 weight_factor=-inf
ZJetsToQQ_400to600 ev=114487185 weight_factor=-inf
ZJetsToQQ_400to600 ev=114487185 weight_factor=-inf
ZJetsToQQ_600to800 ev=76299398 weight_factor=nan
ZJetsToQQ_600to800 ev=76299398 weight_factor=nan
ZJetsToQQ_600to800 ev=76299398 weight_factor=nan
ZJetsToQQ_400to600 ev=129929437 weight_factor=inf
ZJetsToQQ_400to600 ev=129929437 weight_factor=-inf
ZJetsToQQ_400to600 ev=129929437 weight_factor=inf
ZJetsToQQ_400to600 ev=83192495 weight_factor=inf
ZJetsToQQ_400to600 ev=83192495 weight_factor=inf
ZJetsToQQ_400to600 ev=83192495 weight_factor=inf
ZJetsToQQ_400to600 ev=9125108 weight_factor=inf
ZJetsToQQ_400to600 ev=9125108 weight_factor=inf
ZJetsToQQ_400to600 ev=9125108 weight_factor=inf
ZJetsToQQ_400to600 ev=157129037 weight_factor=-inf
ZJetsToQQ_400to600 ev=157129037 weight_factor=-inf
ZJetsToQQ_400to600 ev=157129037 weight_factor=inf
ZJetsToQQ_400to600 ev=83840844 weight_factor=inf
ZJetsToQQ_400to600 ev=83840844 weight_factor=-inf
ZJetsToQQ_400to600 ev=83840844 weight_factor=inf
ZJetsToQQ_400to600 ev=58895564 weight_factor=-inf
ZJetsToQQ_400to600 ev=58895564 weight_factor=-inf
ZJetsToQQ_400to600 ev=58895564 weight_factor=inf
ZJetsToQQ_600to800 ev=135575287 weight_factor=nan
ZJetsToQQ_600to800 ev=135575287 weight_factor=nan
ZJetsToQQ_600to800 ev=135575287 weight_factor=nan
ZJetsToQQ_400to600 ev=109301756 weight_factor=-inf
ZJetsToQQ_400to600 ev=109301756 weight_factor=-inf
ZJetsToQQ_400to600 ev=109301756 weight_factor=inf
ZJetsToQQ_400to600 ev=29021006 weight_factor=-inf
ZJetsToQQ_400to600 ev=29021006 weight_factor=-inf
ZJetsToQQ_400to600 ev=29021006 weight_factor=inf
ZJetsToQQ_400to600 ev=130076157 weight_factor=-inf
ZJetsToQQ_400to600 ev=130076157 weight_factor=-inf
ZJetsToQQ_400to600 ev=130076157 weight_factor=inf
ZJetsToQQ_400to600 ev=114487185 weight_factor=-inf
ZJetsToQQ_400to600 ev=114487185 weight_factor=-inf
ZJetsToQQ_400to600 ev=114487185 weight_factor=-inf
ZJetsToQQ_400to600 ev=29938084 weight_factor=-inf
ZJetsToQQ_400to600 ev=29938084 weight_factor=-inf
ZJetsToQQ_400to600 ev=29938084 weight_factor=-inf
ZJetsToQQ_400to600 ev=109301756 weight_factor=-inf
ZJetsToQQ_400to600 ev=109301756 weight_factor=-inf
ZJetsToQQ_400to600 ev=109301756 weight_factor=inf
ZJetsToQQ_600to800 ev=131832893 weight_factor=nan
ZJetsToQQ_600to800 ev=131832893 weight_factor=nan
ZJetsToQQ_600to800 ev=131832893 weight_factor=nan
ZJetsToQQ_600to800 ev=120929121 weight_factor=nan
ZJetsToQQ_600to800 ev=120929121 weight_factor=nan
ZJetsToQQ_600to800 ev=120929121 weight_factor=nan
ZJetsToQQ_400to600 ev=129929437 weight_factor=inf
ZJetsToQQ_400to600 ev=129929437 weight_factor=-inf
ZJetsToQQ_400to600 ev=129929437 weight_factor=inf
ZJetsToQQ_600to800 ev=76299398 weight_factor=nan
ZJetsToQQ_600to800 ev=76299398 weight_factor=nan
ZJetsToQQ_600to800 ev=76299398 weight_factor=nan
ZJetsToQQ_400to600 ev=157129037 weight_factor=-inf
ZJetsToQQ_400to600 ev=157129037 weight_factor=-inf
ZJetsToQQ_400to600 ev=157129037 weight_factor=inf
ZJetsToQQ_400to600 ev=150595975 weight_factor=-inf
ZJetsToQQ_400to600 ev=150595975 weight_factor=-inf
ZJetsToQQ_400to600 ev=150595975 weight_factor=inf
ZJetsToQQ_400to600 ev=83192495 weight_factor=inf
ZJetsToQQ_400to600 ev=83192495 weight_factor=inf
ZJetsToQQ_400to600 ev=83192495 weight_factor=inf
ZJetsToQQ_400to600 ev=116741127 weight_factor=-inf
ZJetsToQQ_400to600 ev=116741127 weight_factor=-inf
ZJetsToQQ_400to600 ev=116741127 weight_factor=inf
ZJetsToQQ_600to800 ev=135575287 weight_factor=nan
ZJetsToQQ_600to800 ev=135575287 weight_factor=nan
ZJetsToQQ_600to800 ev=135575287 weight_factor=nan
ZH_HToBB_ZToQQ ev=75454 weight_factor=inf
ZH_HToBB_ZToQQ ev=75454 weight_factor=-inf
ZH_HToBB_ZToQQ ev=75454 weight_factor=inf
ZH_HToBB_ZToNuNu ev=1864498 weight_factor=-inf
ZH_HToBB_ZToNuNu ev=1864498 weight_factor=-inf
ZH_HToBB_ZToNuNu ev=1864498 weight_factor=-inf
ZH_HToBB_ZToLL ev=273989 weight_factor=inf
ZH_HToBB_ZToLL ev=273989 weight_factor=-inf
ZH_HToBB_ZToLL ev=273989 weight_factor=inf
ZH_HToBB_ZToLL ev=1236206 weight_factor=-inf
ZH_HToBB_ZToLL ev=1236206 weight_factor=-inf
ZH_HToBB_ZToLL ev=1236206 weight_factor=-inf
ZH_HToBB_ZToLL ev=752487 weight_factor=-inf
ZH_HToBB_ZToLL ev=752487 weight_factor=-inf
ZH_HToBB_ZToLL ev=752487 weight_factor=-inf
ZH_HToBB_ZToNuNu ev=2440996 weight_factor=-inf
ZH_HToBB_ZToNuNu ev=2440996 weight_factor=-inf
ZH_HToBB_ZToNuNu ev=2440996 weight_factor=-inf
ZH_HToBB_ZToLL ev=2323510 weight_factor=-inf
ZH_HToBB_ZToLL ev=2323510 weight_factor=-inf
ZH_HToBB_ZToLL ev=2323510 weight_factor=-inf
ZH_HToBB_ZToNuNu ev=3051737 weight_factor=-inf
ZH_HToBB_ZToNuNu ev=3051737 weight_factor=-inf
ZH_HToBB_ZToNuNu ev=3051737 weight_factor=-inf
ZH_HToBB_ZToLL ev=1016758 weight_factor=inf
ZH_HToBB_ZToLL ev=1016758 weight_factor=inf
ZH_HToBB_ZToLL ev=1016758 weight_factor=inf
ZH_HToBB_ZToNuNu ev=3616626 weight_factor=inf
ZH_HToBB_ZToNuNu ev=3616626 weight_factor=inf
ZH_HToBB_ZToNuNu ev=3616626 weight_factor=inf
ZH_HToBB_ZToLL ev=3420391 weight_factor=inf
ZH_HToBB_ZToLL ev=3420391 weight_factor=inf
ZH_HToBB_ZToLL ev=3420391 weight_factor=inf
ZH_HToBB_ZToLL ev=495676 weight_factor=inf
ZH_HToBB_ZToLL ev=495676 weight_factor=-inf
ZH_HToBB_ZToLL ev=495676 weight_factor=inf
WplusH_HToBB_WToLNu ev=4580425 weight_factor=-inf
WplusH_HToBB_WToLNu ev=4580425 weight_factor=-inf
WplusH_HToBB_WToLNu ev=4580425 weight_factor=-inf
WplusH_HToBB_WToLNu ev=4616854 weight_factor=-inf
WplusH_HToBB_WToLNu ev=4616854 weight_factor=-inf
WplusH_HToBB_WToLNu ev=4616854 weight_factor=-inf
WplusH_HToBB_WToLNu ev=4026724 weight_factor=nan
WplusH_HToBB_WToLNu ev=4026724 weight_factor=nan
WplusH_HToBB_WToLNu ev=4026724 weight_factor=nan
WplusH_HToBB_WToLNu ev=791803 weight_factor=-inf
WplusH_HToBB_WToLNu ev=791803 weight_factor=-inf
WplusH_HToBB_WToLNu ev=791803 weight_factor=-inf
ZH_HToBB_ZToLL ev=4692018 weight_factor=-inf
ZH_HToBB_ZToLL ev=4692018 weight_factor=-inf
ZH_HToBB_ZToLL ev=4692018 weight_factor=-inf
WplusH_HToBB_WToLNu ev=1214028 weight_factor=-inf
WplusH_HToBB_WToLNu ev=1214028 weight_factor=-inf
WplusH_HToBB_WToLNu ev=1214028 weight_factor=-inf
ZH_HToBB_ZToLL ev=1422553 weight_factor=inf
ZH_HToBB_ZToLL ev=1422553 weight_factor=inf
ZH_HToBB_ZToLL ev=1422553 weight_factor=inf
WminusH_HToBB_WToQQ ev=2492614 weight_factor=inf
WminusH_HToBB_WToQQ ev=2492614 weight_factor=-inf
WminusH_HToBB_WToQQ ev=2492614 weight_factor=inf
ZH_HToBB_ZToNuNu ev=4799056 weight_factor=-inf
ZH_HToBB_ZToNuNu ev=4799056 weight_factor=-inf
ZH_HToBB_ZToNuNu ev=4799056 weight_factor=-inf
WplusH_HToBB_WToLNu ev=4355099 weight_factor=inf
WplusH_HToBB_WToLNu ev=4355099 weight_factor=inf
WplusH_HToBB_WToLNu ev=4355099 weight_factor=inf
WminusH_HToBB_WToQQ ev=2698320 weight_factor=-inf
WminusH_HToBB_WToQQ ev=2698320 weight_factor=-inf
WminusH_HToBB_WToQQ ev=2698320 weight_factor=-inf
WplusH_HToBB_WToLNu ev=3403350 weight_factor=inf
WplusH_HToBB_WToLNu ev=3403350 weight_factor=inf
WplusH_HToBB_WToLNu ev=3403350 weight_factor=inf
WminusH_HToBB_WToQQ ev=3996682 weight_factor=inf
WminusH_HToBB_WToQQ ev=3996682 weight_factor=-inf
WminusH_HToBB_WToQQ ev=3996682 weight_factor=inf
WminusH_HToBB_WToQQ ev=3996682 weight_factor=nan
WminusH_HToBB_WToQQ ev=3996682 weight_factor=nan
WminusH_HToBB_WToQQ ev=3996682 weight_factor=nan
WminusH_HToBB_WToQQ ev=1938152 weight_factor=nan
WminusH_HToBB_WToQQ ev=1938152 weight_factor=nan
WminusH_HToBB_WToQQ ev=1938152 weight_factor=nan
WminusH_HToBB_WToLNu ev=3438165 weight_factor=inf
WminusH_HToBB_WToLNu ev=3438165 weight_factor=-inf
WminusH_HToBB_WToLNu ev=3438165 weight_factor=inf
WminusH_HToBB_WToQQ ev=3951520 weight_factor=-inf
WminusH_HToBB_WToQQ ev=3951520 weight_factor=-inf
WminusH_HToBB_WToQQ ev=3951520 weight_factor=-inf
GluGluHToBBMINLO ev=10081771 weight_factor=-inf
GluGluHToBBMINLO ev=10081771 weight_factor=-inf
GluGluHToBBMINLO ev=10081771 weight_factor=-inf
GluGluHToBBMINLO ev=8335129 weight_factor=-inf
GluGluHToBBMINLO ev=8335129 weight_factor=-inf
GluGluHToBBMINLO ev=8335129 weight_factor=-inf
EWKZJets ev=3179825 weight_factor=inf
EWKZJets ev=3179825 weight_factor=-inf
EWKZJets ev=3179825 weight_factor=inf
ZZ ev=1450328 weight_factor=nan
ZZ ev=1450328 weight_factor=nan
ZZ ev=1450328 weight_factor=nan
WZ ev=7381881 weight_factor=nan
WZ ev=7381881 weight_factor=nan
WZ ev=7381881 weight_factor=nan
WZ ev=4258721 weight_factor=nan
WZ ev=4258721 weight_factor=nan
WZ ev=4258721 weight_factor=nan
WZ ev=2290490 weight_factor=inf
WZ ev=2290490 weight_factor=inf
WZ ev=2290490 weight_factor=inf
WZ ev=7448773 weight_factor=inf
WZ ev=7448773 weight_factor=inf
WZ ev=7448773 weight_factor=inf
WZ ev=1120923 weight_factor=inf
WZ ev=1120923 weight_factor=inf
WZ ev=1120923 weight_factor=inf
WZ ev=2651513 weight_factor=inf
WZ ev=2651513 weight_factor=inf
WZ ev=2651513 weight_factor=inf
ZZ ev=2207661 weight_factor=-inf
ZZ ev=2207661 weight_factor=-inf
ZZ ev=2207661 weight_factor=inf
WZ ev=1821946 weight_factor=nan
WZ ev=1821946 weight_factor=nan
WZ ev=1821946 weight_factor=nan
ZZ ev=364247 weight_factor=-inf
ZZ ev=364247 weight_factor=-inf
ZZ ev=364247 weight_factor=inf
ZZ ev=3177338 weight_factor=inf
ZZ ev=3177338 weight_factor=-inf
ZZ ev=3177338 weight_factor=inf
WZ ev=2208143 weight_factor=nan
WZ ev=2208143 weight_factor=nan
WZ ev=2208143 weight_factor=nan
WZ ev=4168334 weight_factor=inf
WZ ev=4168334 weight_factor=inf
WZ ev=4168334 weight_factor=inf
WZ ev=4435650 weight_factor=inf
WZ ev=4435650 weight_factor=inf
WZ ev=4435650 weight_factor=inf
ZZ ev=3954037 weight_factor=nan
ZZ ev=3954037 weight_factor=nan
ZZ ev=3954037 weight_factor=nan
ZZ ev=1419470 weight_factor=-inf
ZZ ev=1419470 weight_factor=-inf
ZZ ev=1419470 weight_factor=inf
ZZ ev=3259327 weight_factor=nan
ZZ ev=3259327 weight_factor=nan
ZZ ev=3259327 weight_factor=nan
WW ev=8803500 weight_factor=-inf
WW ev=8803500 weight_factor=-inf
WW ev=8803500 weight_factor=-inf
WW ev=5343084 weight_factor=inf
WW ev=5343084 weight_factor=-inf
WW ev=5343084 weight_factor=inf
ZZ ev=3177338 weight_factor=inf
ZZ ev=3177338 weight_factor=-inf
ZZ ev=3177338 weight_factor=inf
WW ev=10172806 weight_factor=-inf
WW ev=10172806 weight_factor=-inf
WW ev=10172806 weight_factor=-inf
WW ev=13278178 weight_factor=nan
WW ev=13278178 weight_factor=nan
WW ev=13278178 weight_factor=nan
WW ev=2213425 weight_factor=inf
WW ev=2213425 weight_factor=inf
WW ev=2213425 weight_factor=inf
WW ev=3182531 weight_factor=inf
WW ev=3182531 weight_factor=-inf
WW ev=3182531 weight_factor=inf
ZJetsToQQ_200to400 ev=79168141 weight_factor=inf
ZJetsToQQ_200to400 ev=79168141 weight_factor=-inf
ZJetsToQQ_200to400 ev=79168141 weight_factor=inf
ZJetsToQQ_200to400 ev=72676403 weight_factor=nan
ZJetsToQQ_200to400 ev=72676403 weight_factor=nan
ZJetsToQQ_200to400 ev=72676403 weight_factor=nan
ZJetsToQQ_100to200 ev=1613 weight_factor=nan
ZJetsToQQ_100to200 ev=1613 weight_factor=nan
ZJetsToQQ_100to200 ev=1613 weight_factor=nan
ZJetsToQQ_200to400 ev=120274131 weight_factor=nan
ZJetsToQQ_200to400 ev=120274131 weight_factor=nan
ZJetsToQQ_200to400 ev=120274131 weight_factor=nan
ZJetsToQQ_100to200 ev=314 weight_factor=inf
ZJetsToQQ_100to200 ev=314 weight_factor=inf
ZJetsToQQ_100to200 ev=314 weight_factor=inf
ZJetsToQQ_100to200 ev=942 weight_factor=inf
ZJetsToQQ_100to200 ev=942 weight_factor=inf
ZJetsToQQ_100to200 ev=942 weight_factor=inf
ZJetsToQQ_200to400 ev=6369616 weight_factor=-inf
ZJetsToQQ_200to400 ev=6369616 weight_factor=-inf
ZJetsToQQ_200to400 ev=6369616 weight_factor=inf
ZJetsToQQ_100to200 ev=3333 weight_factor=inf
ZJetsToQQ_100to200 ev=3333 weight_factor=inf
ZJetsToQQ_100to200 ev=3333 weight_factor=inf
ZJetsToQQ_100to200 ev=429 weight_factor=nan
ZJetsToQQ_100to200 ev=429 weight_factor=nan
ZJetsToQQ_100to200 ev=429 weight_factor=nan
ZJetsToQQ_100to200 ev=1567 weight_factor=nan
ZJetsToQQ_100to200 ev=1567 weight_factor=nan
ZJetsToQQ_100to200 ev=1567 weight_factor=nan
ZJetsToQQ_200to400 ev=58278860 weight_factor=nan
ZJetsToQQ_200to400 ev=58278860 weight_factor=nan
ZJetsToQQ_200to400 ev=58278860 weight_factor=nan
ZJetsToQQ_100to200 ev=158 weight_factor=inf
ZJetsToQQ_100to200 ev=158 weight_factor=inf
ZJetsToQQ_100to200 ev=158 weight_factor=inf
ZJetsToQQ_100to200 ev=3580 weight_factor=-inf
ZJetsToQQ_100to200 ev=3580 weight_factor=-inf
ZJetsToQQ_100to200 ev=3580 weight_factor=-inf
ZJetsToQQ_200to400 ev=47755632 weight_factor=nan
ZJetsToQQ_200to400 ev=47755632 weight_factor=nan
ZJetsToQQ_200to400 ev=47755632 weight_factor=nan
ZJetsToQQ_200to400 ev=102868564 weight_factor=inf
ZJetsToQQ_200to400 ev=102868564 weight_factor=-inf
ZJetsToQQ_200to400 ev=102868564 weight_factor=inf
ZJetsToQQ_200to400 ev=18546718 weight_factor=nan
ZJetsToQQ_200to400 ev=18546718 weight_factor=nan
ZJetsToQQ_200to400 ev=18546718 weight_factor=nan
ZJetsToQQ_100to200 ev=2452 weight_factor=nan
ZJetsToQQ_100to200 ev=2452 weight_factor=nan
ZJetsToQQ_100to200 ev=2452 weight_factor=nan
ZJetsToQQ_200to400 ev=109871793 weight_factor=nan
ZJetsToQQ_200to400 ev=109871793 weight_factor=nan
ZJetsToQQ_200to400 ev=109871793 weight_factor=nan
ZJetsToQQ_100to200 ev=1411 weight_factor=nan
ZJetsToQQ_100to200 ev=1411 weight_factor=nan
ZJetsToQQ_100to200 ev=1411 weight_factor=nan
ZJetsToQQ_100to200 ev=1929 weight_factor=-inf
ZJetsToQQ_100to200 ev=1929 weight_factor=-inf
ZJetsToQQ_100to200 ev=1929 weight_factor=-inf
ZJetsToQQ_100to200 ev=3936 weight_factor=nan
ZJetsToQQ_100to200 ev=3936 weight_factor=nan
ZJetsToQQ_100to200 ev=3936 weight_factor=nan
ZJetsToQQ_100to200 ev=1650 weight_factor=inf
ZJetsToQQ_100to200 ev=1650 weight_factor=inf
ZJetsToQQ_100to200 ev=1650 weight_factor=inf
GluGluHToBBMINLO ev=10081771 weight_factor=-inf
GluGluHToBBMINLO ev=10081771 weight_factor=-inf
GluGluHToBBMINLO ev=10081771 weight_factor=-inf
GluGluHToBBMINLO ev=8335129 weight_factor=-inf
GluGluHToBBMINLO ev=8335129 weight_factor=-inf
GluGluHToBBMINLO ev=8335129 weight_factor=-inf
VBFHToBB ev=6413648 weight_factor=-inf
VBFHToBB ev=6413648 weight_factor=-inf
VBFHToBB ev=6413648 weight_factor=-inf
VBFHToBB ev=964227 weight_factor=inf
VBFHToBB ev=964227 weight_factor=inf
VBFHToBB ev=964227 weight_factor=inf
VBFHToBB ev=4340162 weight_factor=inf
VBFHToBB ev=4340162 weight_factor=-inf
VBFHToBB ev=4340162 weight_factor=inf
VBFHToBB ev=2842729 weight_factor=-inf
VBFHToBB ev=2842729 weight_factor=-inf
VBFHToBB ev=2842729 weight_factor=-inf
VBFHToBB ev=6049921 weight_factor=-inf
VBFHToBB ev=6049921 weight_factor=-inf
VBFHToBB ev=6049921 weight_factor=-inf
ZJetsToQQ_400to600 ev=9125108 weight_factor=inf
ZJetsToQQ_400to600 ev=9125108 weight_factor=inf
ZJetsToQQ_400to600 ev=9125108 weight_factor=inf
ZJetsToQQ_400to600 ev=83840844 weight_factor=inf
ZJetsToQQ_400to600 ev=83840844 weight_factor=-inf
ZJetsToQQ_400to600 ev=83840844 weight_factor=inf
ZJetsToQQ_400to600 ev=58895564 weight_factor=-inf
ZJetsToQQ_400to600 ev=58895564 weight_factor=-inf
ZJetsToQQ_400to600 ev=58895564 weight_factor=inf
ZJetsToQQ_400to600 ev=109301756 weight_factor=-inf
ZJetsToQQ_400to600 ev=109301756 weight_factor=-inf
ZJetsToQQ_400to600 ev=109301756 weight_factor=inf
ZJetsToQQ_400to600 ev=83192495 weight_factor=inf
ZJetsToQQ_400to600 ev=83192495 weight_factor=inf
ZJetsToQQ_400to600 ev=83192495 weight_factor=inf
ZJetsToQQ_400to600 ev=150595975 weight_factor=-inf
ZJetsToQQ_400to600 ev=150595975 weight_factor=-inf
ZJetsToQQ_400to600 ev=150595975 weight_factor=inf
ZJetsToQQ_400to600 ev=29021006 weight_factor=-inf
ZJetsToQQ_400to600 ev=29021006 weight_factor=-inf
ZJetsToQQ_400to600 ev=29021006 weight_factor=inf
ZJetsToQQ_400to600 ev=130076157 weight_factor=-inf
ZJetsToQQ_400to600 ev=130076157 weight_factor=-inf
ZJetsToQQ_400to600 ev=130076157 weight_factor=inf
ZJetsToQQ_400to600 ev=114487185 weight_factor=-inf
ZJetsToQQ_400to600 ev=114487185 weight_factor=-inf
ZJetsToQQ_400to600 ev=114487185 weight_factor=-inf
ZJetsToQQ_400to600 ev=116741127 weight_factor=-inf
ZJetsToQQ_400to600 ev=116741127 weight_factor=-inf
ZJetsToQQ_400to600 ev=116741127 weight_factor=inf
ZJetsToQQ_400to600 ev=29938084 weight_factor=-inf
ZJetsToQQ_400to600 ev=29938084 weight_factor=-inf
ZJetsToQQ_400to600 ev=29938084 weight_factor=-inf
ZJetsToQQ_400to600 ev=129929437 weight_factor=inf
ZJetsToQQ_400to600 ev=129929437 weight_factor=-inf
ZJetsToQQ_400to600 ev=129929437 weight_factor=inf
ZJetsToQQ_400to600 ev=157129037 weight_factor=-inf
ZJetsToQQ_400to600 ev=157129037 weight_factor=-inf
ZJetsToQQ_400to600 ev=157129037 weight_factor=inf
ZJetsToQQ_600to800 ev=131832893 weight_factor=nan
ZJetsToQQ_600to800 ev=131832893 weight_factor=nan
ZJetsToQQ_600to800 ev=131832893 weight_factor=nan
ZJetsToQQ_600to800 ev=120929121 weight_factor=nan
ZJetsToQQ_600to800 ev=120929121 weight_factor=nan
ZJetsToQQ_600to800 ev=120929121 weight_factor=nan
ZJetsToQQ_600to800 ev=76299398 weight_factor=nan
ZJetsToQQ_600to800 ev=76299398 weight_factor=nan
ZJetsToQQ_600to800 ev=76299398 weight_factor=nan
ZH_HToBB_ZToLL ev=273989 weight_factor=inf
ZH_HToBB_ZToLL ev=273989 weight_factor=-inf
ZH_HToBB_ZToLL ev=273989 weight_factor=inf
ZH_HToBB_ZToLL ev=752487 weight_factor=-inf
ZH_HToBB_ZToLL ev=752487 weight_factor=-inf
ZH_HToBB_ZToLL ev=752487 weight_factor=-inf
ZJetsToQQ_600to800 ev=135575287 weight_factor=nan
ZJetsToQQ_600to800 ev=135575287 weight_factor=nan
ZJetsToQQ_600to800 ev=135575287 weight_factor=nan
ZH_HToBB_ZToLL ev=495676 weight_factor=inf
ZH_HToBB_ZToLL ev=495676 weight_factor=-inf
ZH_HToBB_ZToLL ev=495676 weight_factor=inf
ZH_HToBB_ZToNuNu ev=1864498 weight_factor=-inf
ZH_HToBB_ZToNuNu ev=1864498 weight_factor=-inf
ZH_HToBB_ZToNuNu ev=1864498 weight_factor=-inf
ZH_HToBB_ZToLL ev=1236206 weight_factor=-inf
ZH_HToBB_ZToLL ev=1236206 weight_factor=-inf
ZH_HToBB_ZToLL ev=1236206 weight_factor=-inf
ZH_HToBB_ZToLL ev=2323510 weight_factor=-inf
ZH_HToBB_ZToLL ev=2323510 weight_factor=-inf
ZH_HToBB_ZToLL ev=2323510 weight_factor=-inf
ZH_HToBB_ZToLL ev=1016758 weight_factor=inf
ZH_HToBB_ZToLL ev=1016758 weight_factor=inf
ZH_HToBB_ZToLL ev=1016758 weight_factor=inf
WminusH_HToBB_WToQQ ev=2492614 weight_factor=inf
WminusH_HToBB_WToQQ ev=2492614 weight_factor=-inf
WminusH_HToBB_WToQQ ev=2492614 weight_factor=inf
ZH_HToBB_ZToLL ev=3420391 weight_factor=inf
ZH_HToBB_ZToLL ev=3420391 weight_factor=inf
ZH_HToBB_ZToLL ev=3420391 weight_factor=inf
ZH_HToBB_ZToNuNu ev=3616626 weight_factor=inf
ZH_HToBB_ZToNuNu ev=3616626 weight_factor=inf
ZH_HToBB_ZToNuNu ev=3616626 weight_factor=inf
ZH_HToBB_ZToNuNu ev=3051737 weight_factor=-inf
ZH_HToBB_ZToNuNu ev=3051737 weight_factor=-inf
ZH_HToBB_ZToNuNu ev=3051737 weight_factor=-inf
ZH_HToBB_ZToLL ev=4692018 weight_factor=-inf
ZH_HToBB_ZToLL ev=4692018 weight_factor=-inf
ZH_HToBB_ZToLL ev=4692018 weight_factor=-inf
WminusH_HToBB_WToQQ ev=2698320 weight_factor=-inf
WminusH_HToBB_WToQQ ev=2698320 weight_factor=-inf
WminusH_HToBB_WToQQ ev=2698320 weight_factor=-inf
WminusH_HToBB_WToQQ ev=3996682 weight_factor=inf
WminusH_HToBB_WToQQ ev=3996682 weight_factor=-inf
WminusH_HToBB_WToQQ ev=3996682 weight_factor=inf
WminusH_HToBB_WToQQ ev=3996682 weight_factor=nan
WminusH_HToBB_WToQQ ev=3996682 weight_factor=nan
WminusH_HToBB_WToQQ ev=3996682 weight_factor=nan
ZH_HToBB_ZToLL ev=1422553 weight_factor=inf
ZH_HToBB_ZToLL ev=1422553 weight_factor=inf
ZH_HToBB_ZToLL ev=1422553 weight_factor=inf
ZH_HToBB_ZToNuNu ev=2440996 weight_factor=-inf
ZH_HToBB_ZToNuNu ev=2440996 weight_factor=-inf
ZH_HToBB_ZToNuNu ev=2440996 weight_factor=-inf
WminusH_HToBB_WToQQ ev=3951520 weight_factor=-inf
WminusH_HToBB_WToQQ ev=3951520 weight_factor=-inf
WminusH_HToBB_WToQQ ev=3951520 weight_factor=-inf
WminusH_HToBB_WToQQ ev=1938152 weight_factor=nan
WminusH_HToBB_WToQQ ev=1938152 weight_factor=nan
WminusH_HToBB_WToQQ ev=1938152 weight_factor=nan
ZH_HToBB_ZToNuNu ev=4799056 weight_factor=-inf
ZH_HToBB_ZToNuNu ev=4799056 weight_factor=-inf
ZH_HToBB_ZToNuNu ev=4799056 weight_factor=-inf
WminusH_HToBB_WToLNu ev=3438165 weight_factor=inf
WminusH_HToBB_WToLNu ev=3438165 weight_factor=-inf
WminusH_HToBB_WToLNu ev=3438165 weight_factor=inf
ZH_HToBB_ZToQQ ev=75454 weight_factor=inf
ZH_HToBB_ZToQQ ev=75454 weight_factor=-inf
ZH_HToBB_ZToQQ ev=75454 weight_factor=inf
WminusH_HToBB_WToQQ ev=2492614 weight_factor=inf
WminusH_HToBB_WToQQ ev=2492614 weight_factor=-inf
WminusH_HToBB_WToQQ ev=2492614 weight_factor=inf
WminusH_HToBB_WToLNu ev=3438165 weight_factor=inf
WminusH_HToBB_WToLNu ev=3438165 weight_factor=-inf
WminusH_HToBB_WToLNu ev=3438165 weight_factor=inf
WminusH_HToBB_WToQQ ev=3996682 weight_factor=inf
WminusH_HToBB_WToQQ ev=3996682 weight_factor=-inf
WminusH_HToBB_WToQQ ev=3996682 weight_factor=inf
WminusH_HToBB_WToQQ ev=3996682 weight_factor=nan
WminusH_HToBB_WToQQ ev=3996682 weight_factor=nan
WminusH_HToBB_WToQQ ev=3996682 weight_factor=nan
WplusH_HToBB_WToLNu ev=791803 weight_factor=-inf
WplusH_HToBB_WToLNu ev=791803 weight_factor=-inf
WplusH_HToBB_WToLNu ev=791803 weight_factor=-inf
WplusH_HToBB_WToLNu ev=4580425 weight_factor=-inf
WplusH_HToBB_WToLNu ev=4580425 weight_factor=-inf
WplusH_HToBB_WToLNu ev=4580425 weight_factor=-inf
WplusH_HToBB_WToLNu ev=1214028 weight_factor=-inf
WplusH_HToBB_WToLNu ev=1214028 weight_factor=-inf
WplusH_HToBB_WToLNu ev=1214028 weight_factor=-inf
WplusH_HToBB_WToLNu ev=4026724 weight_factor=nan
WplusH_HToBB_WToLNu ev=4026724 weight_factor=nan
WplusH_HToBB_WToLNu ev=4026724 weight_factor=nan
WplusH_HToBB_WToLNu ev=4616854 weight_factor=-inf
WplusH_HToBB_WToLNu ev=4616854 weight_factor=-inf
WplusH_HToBB_WToLNu ev=4616854 weight_factor=-inf
WminusH_HToBB_WToQQ ev=3951520 weight_factor=-inf
WminusH_HToBB_WToQQ ev=3951520 weight_factor=-inf
WminusH_HToBB_WToQQ ev=3951520 weight_factor=-inf
WminusH_HToBB_WToQQ ev=2698320 weight_factor=-inf
WminusH_HToBB_WToQQ ev=2698320 weight_factor=-inf
WminusH_HToBB_WToQQ ev=2698320 weight_factor=-inf
WminusH_HToBB_WToQQ ev=1938152 weight_factor=nan
WminusH_HToBB_WToQQ ev=1938152 weight_factor=nan
WminusH_HToBB_WToQQ ev=1938152 weight_factor=nan
WplusH_HToBB_WToLNu ev=3403350 weight_factor=inf
WplusH_HToBB_WToLNu ev=3403350 weight_factor=inf
WplusH_HToBB_WToLNu ev=3403350 weight_factor=inf
WplusH_HToBB_WToLNu ev=4355099 weight_factor=inf
WplusH_HToBB_WToLNu ev=4355099 weight_factor=inf
WplusH_HToBB_WToLNu ev=4355099 weight_factor=inf
